SF:lib/view_models/cart_view_model.dart
DA:12,3
DA:13,1
DA:14,2
DA:15,3
DA:17,1
DA:18,1
DA:19,1
DA:20,2
DA:21,0
DA:22,0
DA:23,0
DA:24,0
DA:27,2
DA:29,1
DA:32,0
DA:33,0
DA:34,0
DA:35,0
DA:36,0
DA:37,0
DA:38,0
DA:39,0
DA:40,0
DA:41,0
DA:42,0
DA:43,0
DA:46,0
DA:48,0
DA:51,0
DA:52,0
DA:53,0
DA:54,0
DA:55,0
DA:56,0
DA:57,0
DA:58,0
DA:61,0
DA:63,0
DA:66,0
DA:67,0
DA:68,0
DA:69,0
DA:70,0
DA:71,0
DA:75,0
DA:76,0
DA:77,0
DA:78,0
DA:79,0
DA:80,0
DA:81,0
DA:82,0
DA:86,0
DA:88,0
DA:89,0
DA:90,0
DA:91,0
DA:95,1
DA:96,2
DA:97,6
DA:100,1
DA:101,2
DA:102,0
DA:105,1
DA:106,2
DA:107,0
DA:110,1
DA:111,5
DA:114,0
DA:115,0
DA:116,0
DA:117,0
DA:118,0
DA:121,1
DA:122,2
DA:123,2
DA:124,2
DA:125,1
DA:128,0
DA:129,0
DA:130,0
DA:131,0
DA:132,0
DA:136,0
DA:137,0
DA:138,0
DA:139,0
DA:140,0
DA:141,0
DA:142,0
DA:145,0
DA:147,0
DA:148,0
DA:149,0
DA:152,0
DA:153,0
DA:154,0
DA:157,0
DA:158,0
DA:159,0
DA:160,0
DA:164,0
DA:165,0
DA:166,0
DA:167,0
DA:171,0
DA:172,0
DA:173,0
DA:174,0
DA:177,0
LF:110
LH:24
end_of_record
SF:lib/models/cart_item_merch_model.dart
DA:7,2
DA:12,1
DA:13,1
DA:14,2
DA:15,1
DA:19,1
DA:20,1
DA:21,2
DA:22,1
LF:9
LH:9
end_of_record
SF:lib/models/product_model.dart
DA:15,19
DA:25,38
DA:27,6
DA:29,2
DA:30,2
DA:31,2
DA:32,2
DA:33,2
DA:34,2
DA:35,2
DA:36,2
DA:37,2
DA:39,4
DA:40,10
DA:44,2
DA:45,2
DA:46,2
DA:47,2
DA:48,2
DA:49,4
DA:50,4
DA:51,2
DA:52,2
DA:54,2
DA:55,2
DA:56,8
DA:57,0
DA:59,2
DA:60,12
DA:61,2
LF:30
LH:29
end_of_record
SF:lib/models/cart_item_clothing_model.dart
DA:11,1
DA:18,0
DA:19,0
DA:20,0
DA:21,0
DA:22,0
DA:23,0
DA:27,0
DA:28,0
DA:29,0
DA:30,0
DA:31,0
DA:32,0
LF:13
LH:1
end_of_record
SF:lib/models/cart_item_print_model.dart
DA:8,1
DA:14,1
DA:15,1
DA:16,1
DA:17,2
DA:18,1
DA:22,1
DA:23,1
DA:24,1
DA:25,2
DA:26,1
LF:11
LH:11
end_of_record
SF:lib/models/print_model.dart
DA:7,2
DA:8,2
DA:9,2
DA:11,2
DA:13,2
DA:18,2
DA:23,2
DA:24,2
DA:25,4
DA:26,2
DA:30,2
DA:31,2
DA:32,10
DA:33,4
LF:14
LH:14
end_of_record
SF:lib/utils/firebase_get_user.dart
DA:4,1
DA:5,0
DA:6,1
LF:3
LH:2
end_of_record
SF:lib/views/cart_card_edit_overlay.dart
DA:8,1
DA:15,1
DA:16,1
DA:23,1
DA:25,1
DA:26,3
DA:27,4
DA:30,1
DA:32,2
DA:33,1
DA:36,1
DA:37,2
DA:38,1
DA:39,4
DA:43,1
DA:45,1
DA:47,2
DA:48,1
DA:50,1
DA:52,1
DA:53,1
DA:55,1
DA:60,1
DA:62,2
DA:67,1
DA:69,1
DA:70,1
DA:72,1
DA:73,2
DA:74,3
DA:78,1
DA:80,1
DA:86,1
DA:87,1
DA:88,1
DA:89,1
DA:90,1
DA:95,1
DA:97,1
DA:98,3
DA:104,1
DA:105,1
DA:106,4
DA:107,3
LF:44
LH:44
end_of_record
SF:lib/views/cart_clothing_card.dart
DA:10,0
DA:12,0
DA:14,0
DA:15,0
DA:16,0
DA:17,0
DA:21,0
DA:23,0
DA:25,0
DA:27,0
DA:29,0
DA:30,0
DA:31,0
DA:38,0
DA:41,0
DA:44,0
DA:48,0
DA:49,0
DA:50,0
DA:51,0
DA:53,0
DA:54,0
DA:56,0
DA:59,0
DA:68,0
DA:69,0
DA:70,0
DA:72,0
DA:73,0
DA:74,0
DA:75,0
DA:78,0
DA:80,0
DA:81,0
DA:82,0
DA:83,0
DA:84,0
DA:86,0
DA:87,0
DA:92,0
DA:96,0
DA:108,0
DA:110,0
DA:112,0
DA:113,0
DA:114,0
DA:119,0
DA:122,0
DA:123,0
LF:49
LH:0
end_of_record
SF:lib/view_models/products_view_model.dart
DA:13,14
DA:20,14
DA:29,14
DA:33,14
DA:38,56
DA:41,10
DA:42,30
DA:44,32
DA:45,20
DA:46,28
DA:48,34
DA:49,20
DA:50,6
DA:55,10
DA:58,30
DA:59,34
DA:60,40
DA:61,5
DA:62,3
DA:63,4
DA:64,3
DA:65,3
DA:70,1
DA:71,2
DA:72,1
DA:75,2
DA:81,4
DA:87,2
DA:90,1
DA:91,2
DA:92,0
DA:93,0
DA:95,1
DA:98,1
DA:100,5
DA:107,2
DA:109,2
DA:110,4
DA:111,4
DA:112,2
DA:113,2
DA:114,2
DA:121,6
LF:43
LH:41
end_of_record
SF:lib/utils/firebase_check_user.dart
DA:4,1
DA:5,0
DA:6,1
LF:3
LH:2
end_of_record
SF:lib/utils/map_range_to_collection.dart
DA:3,3
DA:4,3
DA:5,3
DA:7,3
DA:9,3
DA:11,3
DA:13,1
LF:7
LH:7
end_of_record
SF:lib/utils/navigation.dart
DA:3,1
DA:4,2
DA:7,1
DA:8,1
DA:11,0
DA:12,0
DA:15,0
DA:16,0
DA:19,0
DA:20,0
DA:23,0
DA:24,0
DA:27,0
DA:28,0
DA:31,0
DA:32,0
DA:35,0
DA:36,0
DA:39,0
DA:40,0
DA:43,0
DA:44,0
DA:47,0
DA:48,0
DA:51,1
DA:52,2
DA:55,0
DA:56,0
DA:59,0
DA:60,0
DA:63,0
DA:64,0
DA:67,0
DA:68,0
DA:71,0
DA:72,0
DA:75,1
DA:76,1
DA:79,0
DA:80,0
LF:40
LH:8
end_of_record
SF:lib/views/app_drawer.dart
DA:5,1
DA:7,12
DA:9,12
DA:10,12
DA:12,12
DA:24,12
DA:26,0
DA:27,0
DA:30,12
DA:32,12
DA:33,12
DA:35,0
DA:36,0
DA:39,12
DA:41,0
DA:42,0
DA:45,12
DA:47,0
DA:48,0
DA:51,12
DA:53,0
DA:54,0
DA:57,12
DA:59,0
DA:60,0
DA:63,12
DA:65,0
DA:66,0
DA:69,12
DA:71,0
DA:72,0
DA:75,12
DA:77,0
DA:78,0
DA:81,12
DA:83,0
DA:84,0
DA:89,12
DA:91,12
DA:92,12
DA:94,0
DA:95,0
DA:98,12
DA:100,0
DA:101,0
DA:106,12
DA:108,0
DA:109,0
DA:112,12
DA:114,0
DA:115,0
LF:51
LH:23
end_of_record
SF:lib/views/footer.dart
DA:5,1
DA:7,12
DA:9,12
DA:13,12
DA:15,12
DA:133,12
DA:134,0
DA:145,12
DA:146,0
LF:9
LH:7
end_of_record
SF:lib/views/header.dart
DA:6,1
DA:13,12
DA:15,12
DA:18,12
DA:19,12
DA:21,12
DA:32,12
DA:33,12
DA:34,12
DA:35,24
DA:36,12
DA:38,12
DA:39,12
DA:40,12
DA:41,0
DA:42,0
DA:44,12
DA:48,12
DA:49,12
DA:50,12
DA:63,1
DA:64,1
DA:65,1
DA:66,0
DA:69,1
DA:70,0
DA:73,1
DA:74,0
DA:77,1
DA:78,0
DA:81,1
DA:82,0
DA:85,1
DA:86,0
DA:89,1
DA:90,0
DA:93,1
DA:94,0
DA:95,0
DA:96,0
DA:98,0
DA:106,12
DA:108,12
DA:110,12
DA:111,12
DA:122,0
DA:124,12
DA:135,0
DA:136,0
DA:137,0
DA:139,0
DA:143,12
DA:154,0
DA:156,12
DA:157,24
DA:168,11
DA:169,22
LF:57
LH:38
end_of_record
SF:lib/views/home_carousel.dart
DA:5,1
DA:7,1
DA:8,1
DA:15,1
DA:17,1
DA:18,2
DA:19,1
DA:25,0
DA:27,1
DA:33,0
DA:35,1
DA:41,0
DA:43,1
DA:48,0
DA:53,0
DA:54,0
DA:55,0
DA:59,1
DA:61,1
DA:63,1
DA:64,1
DA:66,1
DA:67,2
DA:68,1
DA:69,1
DA:70,2
DA:71,1
DA:73,1
DA:74,1
DA:75,1
DA:76,1
DA:77,1
DA:78,1
DA:85,1
DA:86,1
DA:93,1
DA:94,1
DA:99,1
DA:100,0
DA:101,1
DA:108,2
DA:116,1
DA:118,4
DA:119,1
DA:123,1
DA:125,2
DA:142,1
LF:47
LH:39
end_of_record
SF:lib/views/home_page.dart
DA:9,0
DA:11,0
DA:12,0
DA:15,1
DA:60,0
DA:67,1
DA:69,1
DA:70,0
DA:71,0
DA:73,1
DA:75,1
DA:76,1
DA:77,1
DA:78,1
DA:80,1
DA:81,1
DA:82,1
DA:90,1
DA:92,1
DA:94,1
DA:95,1
DA:100,1
DA:101,1
LF:23
LH:17
end_of_record
SF:lib/views/home_range_preview.dart
DA:8,1
DA:10,1
DA:12,2
DA:13,1
DA:14,1
DA:16,3
DA:19,8
DA:20,1
DA:22,1
DA:23,1
DA:25,1
DA:34,1
DA:35,3
DA:36,0
DA:37,1
DA:39,1
DA:41,1
DA:42,1
DA:43,1
DA:44,1
DA:45,1
DA:46,1
DA:47,2
DA:49,1
DA:50,1
DA:51,1
DA:61,1
DA:62,1
DA:70,1
DA:71,1
DA:72,1
DA:73,1
DA:74,3
DA:82,1
DA:83,1
DA:84,1
DA:85,3
DA:98,1
DA:100,1
DA:102,1
DA:103,0
DA:104,0
DA:105,0
DA:106,0
DA:108,0
DA:109,0
DA:111,0
DA:112,0
DA:114,0
DA:115,0
DA:117,0
DA:118,0
DA:119,0
DA:121,0
DA:122,0
DA:124,0
DA:125,0
DA:126,0
DA:128,0
DA:129,0
DA:132,0
DA:135,1
LF:62
LH:40
end_of_record
SF:lib/utils/map_print_label_to_price.dart
DA:2,1
DA:4,1
DA:6,1
DA:8,1
DA:10,1
DA:12,1
DA:14,1
LF:7
LH:7
end_of_record
SF:lib/utils/map_category_reverse.dart
DA:3,3
DA:7,2
DA:9,1
LF:3
LH:3
end_of_record
SF:lib/utils/map_text_to_print_type.dart
DA:4,1
DA:6,1
DA:8,1
DA:10,1
LF:4
LH:4
end_of_record
SF:lib/utils/map_category.dart
DA:3,2
DA:4,2
DA:5,2
DA:7,1
LF:4
LH:4
end_of_record
SF:lib/utils/map_print_label_to_line_num.dart
DA:2,1
DA:4,1
DA:6,1
DA:8,1
DA:10,1
DA:12,1
DA:14,1
LF:7
LH:7
end_of_record
SF:lib/utils/verify_email.dart
DA:1,1
DA:2,1
DA:3,1
LF:3
LH:3
end_of_record
SF:lib/utils/verify_username.dart
DA:1,1
DA:3,1
DA:4,1
LF:3
LH:3
end_of_record
SF:lib/utils/map_collection_to_label.dart
DA:3,2
DA:7,2
DA:9,2
DA:11,2
DA:13,2
DA:15,2
LF:6
LH:6
end_of_record
SF:lib/utils/verify_password.dart
DA:1,1
DA:2,2
LF:2
LH:2
end_of_record
SF:lib/utils/map_collection_to_range.dart
DA:3,3
DA:7,2
DA:9,2
DA:11,2
DA:13,2
DA:15,1
LF:6
LH:6
end_of_record
SF:lib/views/about_page.dart
DA:8,1
DA:10,1
DA:12,1
DA:14,1
DA:15,1
DA:16,1
DA:18,1
DA:21,1
DA:23,1
DA:40,1
DA:42,1
DA:43,1
DA:44,1
DA:45,1
DA:48,1
DA:53,1
DA:56,1
DA:57,1
DA:63,0
DA:64,0
LF:20
LH:18
end_of_record
SF:lib/views/filter_modal.dart
DA:16,2
DA:24,2
DA:25,2
DA:33,2
DA:35,2
DA:36,10
DA:37,10
DA:38,10
DA:41,2
DA:43,2
DA:45,2
DA:48,2
DA:52,4
DA:53,2
DA:54,2
DA:57,2
DA:58,2
DA:59,4
DA:62,4
DA:63,2
DA:64,2
DA:67,2
DA:68,4
DA:76,1
DA:77,2
DA:78,3
DA:83,4
DA:84,2
DA:85,2
DA:88,2
DA:89,4
DA:103,1
DA:104,3
DA:105,2
DA:110,2
DA:111,2
DA:113,2
DA:114,2
DA:115,1
DA:116,3
DA:117,1
DA:118,1
DA:119,1
DA:123,2
DA:124,3
LF:45
LH:45
end_of_record
SF:lib/views/filter_sort_menu_bar.dart
DA:12,9
DA:20,9
DA:22,9
DA:23,9
DA:25,9
DA:27,9
DA:29,9
DA:31,9
DA:42,9
DA:45,9
DA:46,18
DA:47,9
DA:49,9
DA:50,1
DA:51,1
DA:57,2
DA:58,1
DA:59,1
DA:60,1
DA:61,1
DA:74,9
DA:76,9
DA:87,9
DA:90,9
DA:91,18
DA:92,9
DA:94,9
DA:95,1
DA:96,1
DA:102,2
DA:103,1
LF:31
LH:31
end_of_record
SF:lib/views/sort_modal.dart
DA:6,2
DA:8,2
DA:10,2
DA:12,2
DA:15,2
DA:19,2
DA:22,8
DA:23,1
DA:24,2
DA:25,2
DA:28,2
DA:32,8
DA:33,1
DA:34,2
DA:35,2
DA:38,2
DA:42,8
DA:43,1
DA:44,2
DA:45,2
DA:49,2
DA:51,2
DA:52,2
DA:53,3
LF:24
LH:24
end_of_record
SF:lib/views/collection_portsmouth_page.dart
DA:12,1
DA:14,1
DA:16,1
DA:17,1
DA:18,1
DA:19,1
DA:20,1
DA:21,1
DA:22,2
DA:23,1
DA:35,1
DA:41,1
DA:44,1
DA:46,1
DA:47,3
DA:56,2
LF:16
LH:16
end_of_record
SF:lib/views/display_collection.dart
DA:6,9
DA:8,9
DA:11,36
DA:12,18
DA:13,1
DA:14,1
DA:29,9
DA:30,9
DA:31,9
DA:34,9
DA:37,18
DA:44,9
DA:45,18
DA:46,9
DA:47,9
DA:48,9
DA:49,0
DA:50,0
DA:52,9
DA:54,9
DA:55,9
DA:56,9
DA:57,9
DA:58,9
DA:59,18
DA:61,8
DA:62,8
DA:63,8
DA:73,9
DA:74,9
DA:84,9
DA:85,9
DA:86,9
DA:87,6
DA:88,18
DA:96,9
DA:97,6
DA:98,9
DA:99,27
DA:100,9
DA:102,9
LF:41
LH:39
end_of_record
SF:lib/views/collection_pride_page.dart
DA:12,1
DA:14,1
DA:16,1
DA:17,2
DA:18,1
DA:19,1
DA:20,1
DA:21,2
DA:22,1
DA:34,1
DA:40,1
DA:43,1
DA:45,1
DA:46,3
DA:55,2
LF:15
LH:15
end_of_record
SF:lib/views/category_clothing_page.dart
DA:12,1
DA:14,1
DA:16,1
DA:17,2
DA:18,1
DA:19,1
DA:20,1
DA:21,2
DA:22,1
DA:34,1
DA:40,1
DA:43,1
DA:45,1
DA:46,3
DA:55,2
LF:15
LH:15
end_of_record
SF:lib/views/cart_go_home_overlay.dart
DA:8,1
DA:10,1
DA:12,1
DA:13,1
DA:15,2
DA:16,1
DA:18,1
DA:20,1
DA:35,1
DA:37,1
DA:38,0
DA:39,0
DA:41,0
DA:43,0
DA:45,1
LF:15
LH:11
end_of_record
SF:lib/views/collections_page.dart
DA:10,1
DA:12,1
DA:15,1
DA:17,1
DA:20,1
DA:21,2
DA:23,2
DA:25,2
DA:27,4
DA:28,1
DA:29,1
DA:31,1
DA:32,0
DA:34,0
DA:35,0
DA:36,0
DA:37,0
DA:38,0
DA:39,0
DA:40,0
DA:41,0
DA:42,0
DA:43,0
DA:44,0
DA:45,0
DA:46,0
DA:47,0
DA:48,0
DA:49,0
DA:52,1
DA:54,1
DA:55,1
DA:56,1
DA:57,1
DA:58,1
DA:59,1
DA:60,3
DA:69,1
DA:71,1
DA:73,2
DA:74,1
DA:75,2
DA:78,0
DA:80,1
DA:81,1
DA:82,3
DA:86,1
DA:87,1
DA:89,1
DA:90,1
DA:117,1
DA:119,1
DA:120,1
DA:122,1
DA:132,1
DA:134,1
DA:135,1
DA:137,3
DA:138,3
DA:139,1
DA:140,2
DA:141,1
DA:142,3
DA:143,1
DA:144,1
DA:147,2
DA:148,1
DA:149,1
LF:68
LH:50
end_of_record
SF:lib/views/collection_grad_page.dart
DA:12,1
DA:14,1
DA:16,1
DA:17,2
DA:18,1
DA:19,1
DA:20,1
DA:21,2
DA:22,1
DA:34,1
DA:40,1
DA:43,1
DA:45,1
DA:46,3
DA:55,2
LF:15
LH:15
end_of_record
SF:lib/views/collection_halloween_page.dart
DA:12,1
DA:14,1
DA:16,1
DA:17,2
DA:18,1
DA:19,1
DA:20,1
DA:21,2
DA:22,1
DA:34,1
DA:40,1
DA:43,1
DA:45,1
DA:46,3
DA:55,2
LF:15
LH:15
end_of_record
SF:lib/views/collection_essential_page.dart
DA:12,1
DA:14,1
DA:16,1
DA:17,1
DA:18,1
DA:19,1
DA:20,1
DA:21,1
DA:22,2
DA:23,1
DA:35,1
DA:41,1
DA:44,1
DA:46,1
DA:47,3
DA:56,2
LF:16
LH:16
end_of_record
SF:lib/views/sale_page.dart
DA:11,1
DA:13,1
DA:15,1
DA:16,2
DA:17,1
DA:18,1
DA:19,1
DA:20,2
DA:21,1
DA:33,1
DA:46,1
DA:52,1
DA:55,1
DA:57,1
DA:58,3
DA:67,2
LF:16
LH:16
end_of_record
SF:lib/views/category_merch_page.dart
DA:12,1
DA:14,1
DA:16,1
DA:17,2
DA:18,1
DA:19,1
DA:20,1
DA:21,2
DA:22,1
DA:34,1
DA:40,1
DA:43,1
DA:45,1
DA:46,3
DA:55,2
LF:15
LH:15
end_of_record
