SF:lib/view_models/cart_view_model.dart
DA:7,3
DA:9,1
DA:11,8
DA:12,2
DA:13,2
DA:14,3
DA:15,1
DA:16,3
DA:19,2
DA:21,1
DA:24,1
DA:26,8
DA:27,2
DA:28,2
DA:29,2
DA:30,3
DA:31,1
DA:32,2
DA:35,2
DA:37,1
DA:41,1
DA:42,2
DA:43,6
LF:23
LH:23
end_of_record
SF:lib/models/cart_item_merch_model.dart
DA:7,2
LF:1
LH:1
end_of_record
SF:lib/models/product_model.dart
DA:15,6
DA:25,12
DA:27,4
LF:3
LH:3
end_of_record
SF:lib/view_models/products_view_model.dart
DA:12,1
DA:21,1
DA:22,4
DA:25,1
DA:26,3
DA:28,6
DA:29,2
DA:30,4
DA:32,6
DA:34,1
DA:37,1
DA:38,2
DA:39,1
DA:42,1
DA:44,2
DA:45,2
DA:46,2
DA:47,2
DA:49,1
DA:52,1
DA:54,5
LF:21
LH:21
end_of_record
SF:lib/models/cart_item_print_model.dart
DA:7,1
LF:1
LH:1
end_of_record
SF:lib/models/print_model.dart
DA:11,2
DA:12,2
DA:13,2
DA:15,2
DA:17,2
DA:22,2
LF:6
LH:6
end_of_record
SF:lib/models/cart_item_clothing_model.dart
DA:26,1
LF:1
LH:1
end_of_record
